<?xml version="1.0" encoding="UTF-8"?>
<testsuite xmlns:xsi="http://www.w3.org/2001/XMLSchema-instance" xsi:noNamespaceSchemaLocation="https://maven.apache.org/surefire/maven-surefire-plugin/xsd/surefire-test-report-3.0.xsd" version="3.0" name="TestSuite" time="118.748" tests="11" errors="0" skipped="0" failures="1">
  <properties>
[...]
</properties>
  <testcase name="test01_verifyHeader" classname="sanity.GrafanaWeb" time="9.643">
    <system-out><![CDATA[
+-+-+-+-+ Execution: Web Tests START +-+-+-+-+

+-+-+-+-+ Helper.Test: test01_verifyHeader START +-+-+-+-+
Monte Screen Record Start

+-+-+-+-+ Helper.Test: test01_verifyHeader Successfully Finish +-+-+-+-+
Monte Screen Record Stop
AVI File: Deleted Successfully
]]></system-out>
    <system-err><![CDATA[Starting ChromeDriver 92.0.4515.43 (8c61b7e2989f2990d42f859cac71319137787cce-refs/branch-heads/4515@{#306}) on port 23455
Only local connections are allowed.
Please see https://chromedriver.chromium.org/security-considerations for suggestions on keeping ChromeDriver safe.
ChromeDriver was started successfully.
יול 25, 2021 9:39:29 AM org.openqa.selenium.remote.ProtocolHandshake createSession
INFO: Detected dialect: W3C
Loading class `com.mysql.jdbc.Driver'. This is deprecated. The new driver class is `com.mysql.cj.jdbc.Driver'. The driver is automatically registered via the SPI and manual loading of the driver class is generally unnecessary.
]]></system-err>
  </testcase>
  <testcase name="test02_verifyDefaultUsers" classname="sanity.GrafanaWeb" time="1.364">
    <system-out><![CDATA[
+-+-+-+-+ Helper.Test: test02_verifyDefaultUsers START +-+-+-+-+
Monte Screen Record Start

+-+-+-+-+ Helper.Test: test02_verifyDefaultUsers Successfully Finish +-+-+-+-+
Monte Screen Record Stop
AVI File: Deleted Successfully
]]></system-out>
  </testcase>
  <testcase name="test03_verifyNewUser" classname="sanity.GrafanaWeb" time="4.55">
    <system-out><![CDATA[
+-+-+-+-+ Helper.Test: test03_verifyNewUser START +-+-+-+-+
Monte Screen Record Start

+-+-+-+-+ Helper.Test: test03_verifyNewUser Successfully Finish +-+-+-+-+
Monte Screen Record Stop
AVI File: Deleted Successfully
]]></system-out>
  </testcase>
  <testcase name="test04_verifyDeleteUser" classname="sanity.GrafanaWeb" time="2.971">
    <system-out><![CDATA[
+-+-+-+-+ Helper.Test: test04_verifyDeleteUser START +-+-+-+-+
Monte Screen Record Start

+-+-+-+-+ Helper.Test: test04_verifyDeleteUser Successfully Finish +-+-+-+-+
Monte Screen Record Stop
AVI File: Deleted Successfully
]]></system-out>
  </testcase>
  <testcase name="test05_verifyPageToolbarElements" classname="sanity.GrafanaWeb" time="0.576">
    <system-out><![CDATA[
+-+-+-+-+ Helper.Test: test05_verifyPageToolbarElements START +-+-+-+-+
Monte Screen Record Start

+-+-+-+-+ Helper.Test: test05_verifyPageToolbarElements Successfully Finish +-+-+-+-+
Monte Screen Record Stop
AVI File: Deleted Successfully
]]></system-out>
  </testcase>
  <testcase name="test06_verifyAvatarImage" classname="sanity.GrafanaWeb" time="2.452">
    <system-out><![CDATA[
+-+-+-+-+ Helper.Test: test06_verifyAvatarImage START +-+-+-+-+
Monte Screen Record Start
[log] CLICK on L[31,657]@S(0) (566 msec)

+-+-+-+-+ Helper.Test: test06_verifyAvatarImage Successfully Finish +-+-+-+-+
Monte Screen Record Stop
AVI File: Deleted Successfully
]]></system-out>
  </testcase>
  <testcase name="test07_searchUsers[grafanaUser, false](1)" classname="sanity.GrafanaWeb" time="17.294">
    <system-out><![CDATA[
+-+-+-+-+ Helper.Test: test07_searchUsers START +-+-+-+-+
Monte Screen Record Start

+-+-+-+-+ Helper.Test: test07_searchUsers Successfully Finish +-+-+-+-+
Monte Screen Record Stop
AVI File: Deleted Successfully
]]></system-out>
  </testcase>
  <testcase name="test07_searchUsers[admin, true](2)" classname="sanity.GrafanaWeb" time="3.794">
    <system-out><![CDATA[
+-+-+-+-+ Helper.Test: test07_searchUsers START +-+-+-+-+
Monte Screen Record Start

+-+-+-+-+ Helper.Test: test07_searchUsers Successfully Finish +-+-+-+-+
Monte Screen Record Stop
AVI File: Deleted Successfully
]]></system-out>
  </testcase>
  <testcase name="test07_searchUsers[testUser, true](3)" classname="sanity.GrafanaWeb" time="15.682">
    <failure type="java.lang.AssertionError"><![CDATA[java.lang.AssertionError: 
	at sanity.GrafanaWeb.test07_searchUsers(GrafanaWeb.java:67)
]]></failure>
    <system-out><![CDATA[
+-+-+-+-+ Helper.Test: test07_searchUsers START +-+-+-+-+
Monte Screen Record Start

+-+-+-+-+ Helper.Test: test07_searchUsers Failed to Finish +-+-+-+-+
Monte Screen Record Stop
]]></system-out>
  </testcase>
  <testcase name="test01_loginDBandVerifyHeader" classname="sanity.GrafanaWebDB" time="3.124">
    <system-out><![CDATA[
+-+-+-+-+ Helper.Test: test01_loginDBandVerifyHeader START +-+-+-+-+
Monte Screen Record Start

+-+-+-+-+ Helper.Test: test01_loginDBandVerifyHeader Successfully Finish +-+-+-+-+
Monte Screen Record Stop
AVI File: Deleted Successfully
]]></system-out>
    <system-err><![CDATA[Starting ChromeDriver 92.0.4515.43 (8c61b7e2989f2990d42f859cac71319137787cce-refs/branch-heads/4515@{#306}) on port 44900
Only local connections are allowed.
Please see https://chromedriver.chromium.org/security-considerations for suggestions on keeping ChromeDriver safe.
ChromeDriver was started successfully.
יול 25, 2021 9:40:48 AM org.openqa.selenium.remote.ProtocolHandshake createSession
INFO: Detected dialect: W3C
]]></system-err>
  </testcase>
  <testcase name="test02_searchVerifyUserWithDBCredentials" classname="sanity.GrafanaWebDB" time="4.07">
    <system-out><![CDATA[
+-+-+-+-+ Helper.Test: test02_searchVerifyUserWithDBCredentials START +-+-+-+-+
Monte Screen Record Start

+-+-+-+-+ Helper.Test: test02_searchVerifyUserWithDBCredentials Successfully Finish +-+-+-+-+
Monte Screen Record Stop
AVI File: Deleted Successfully
]]></system-out>
  </testcase>
</testsuite>