<?xml version="1.0" encoding="UTF-8"?>
<!-- Generated by org.testng.reporters.JUnitXMLReporter -->
<testsuite hostname="Laptop" ignored="0" name="AOI Tests" tests="4" failures="0" timestamp="2021-07-25T09:39:02 IDT" time="31.971" errors="0">
  <testcase name="test01_verifyTeam" time="13.504" classname="sanity.GrafanaAPI"/>
  <testcase name="test02_addTeamAndVerify" time="2.284" classname="sanity.GrafanaAPI"/>
  <testcase name="test03_updateTeamAndVerify" time="1.99" classname="sanity.GrafanaAPI"/>
  <testcase name="test04_deleteTeamAndVerify" time="0.826" classname="sanity.GrafanaAPI"/>
</testsuite> <!-- AOI Tests -->
